<?xml version="1.0" encoding="UTF-8"?>
<!-- Generated by org.testng.reporters.JUnitReportReporter -->
<testsuite skipped="0" hostname="HOME" name="conm.mavenDemo.TestMaven2" tests="2" failures="0" timestamp="04 Sep 2019 16:19:03 GMT" time="0.005" errors="0">
  <testcase name="test1" time="0.002" classname="conm.mavenDemo.TestMaven2"/>
  <testcase name="test2" time="0.003" classname="conm.mavenDemo.TestMaven2"/>
</testsuite> <!-- conm.mavenDemo.TestMaven2 -->
