<?xml version="1.0" encoding="UTF-8"?>
<!-- Generated by org.testng.reporters.JUnitReportReporter -->
<testsuite skipped="0" hostname="HOME" name="conm.mavenDemo.TestMaven" tests="2" failures="0" timestamp="04 Sep 2019 16:19:03 GMT" time="0.020" errors="0">
  <testcase name="test1" time="0.016" classname="conm.mavenDemo.TestMaven"/>
  <testcase name="test2" time="0.004" classname="conm.mavenDemo.TestMaven"/>
</testsuite> <!-- conm.mavenDemo.TestMaven -->
